<?xml version="1.0" encoding="UTF-8"?>
<testng-results ignored="0" total="1" passed="1" failed="0" skipped="0">
  <reporter-output>
  </reporter-output>
  <suite started-at="2024-03-15T01:18:41 BDT" name="Surefire suite" finished-at="2024-03-15T01:18:54 BDT" duration-ms="13057">
    <groups>
    </groups>
    <test started-at="2024-03-15T01:18:41 BDT" name="Surefire test" finished-at="2024-03-15T01:18:54 BDT" duration-ms="13057">
      <class name="framework_with_allure.AlertTest">
        <test-method is-config="true" signature="setup()[pri:0, instance:framework_with_allure.AlertTest@1a9ec80e]" started-at="2024-03-15T01:18:41 BDT" name="setup" finished-at="2024-03-15T01:18:52 BDT" duration-ms="11297" status="PASS">
          <reporter-output>
          </reporter-output>
        </test-method> <!-- setup -->
        <test-method signature="alertTest()[pri:0, instance:framework_with_allure.AlertTest@1a9ec80e]" started-at="2024-03-15T01:18:52 BDT" name="alertTest" finished-at="2024-03-15T01:18:53 BDT" duration-ms="705" status="PASS">
          <reporter-output>
          </reporter-output>
        </test-method> <!-- alertTest -->
        <test-method is-config="true" signature="teardown()[pri:0, instance:framework_with_allure.AlertTest@1a9ec80e]" started-at="2024-03-15T01:18:53 BDT" name="teardown" finished-at="2024-03-15T01:18:54 BDT" duration-ms="722" status="PASS">
          <reporter-output>
          </reporter-output>
        </test-method> <!-- teardown -->
      </class> <!-- framework_with_allure.AlertTest -->
    </test> <!-- Surefire test -->
  </suite> <!-- Surefire suite -->
</testng-results>
